<?xml version="1.0" encoding="UTF-8"?>
<!-- Generated by org.testng.reporters.JUnitXMLReporter -->
<testsuite ignored="2" hostname="DESKTOP-H0QBEHU" failures="0" tests="1" name="Default test" time="4.484" errors="0" timestamp="2024-04-23T11:23:01 CDT">
  <testcase classname="tutorialsNinja.TestCases.SearchProduct" name="verifySearchNoProduct" time="0.561"/>
  <testcase classname="tutorialsNinja.TestCases.SearchProduct" name="verifySearchValidProduct" time="0.0">
    <ignored/>
  </testcase> <!-- verifySearchValidProduct -->
  <testcase classname="tutorialsNinja.TestCases.SearchProduct" name="verifySearchInvalidProduct" time="0.0">
    <ignored/>
  </testcase> <!-- verifySearchInvalidProduct -->
</testsuite> <!-- Default test -->
